<?xml version="1.0" encoding="UTF-8"?>
<!-- Generated by org.testng.reporters.JUnitReportReporter -->
<testsuite hostname="Santoshs-MacBook-Pro.local" failures="0" tests="4" name="Headspin_SecondSession.basic_1" time="62.694" errors="0" timestamp="2023-10-12T10:31:04 IST" skipped="0">
  <testcase classname="Headspin_SecondSession.basic_1" name="testMethod2" time="12.869"/>
  <testcase classname="Headspin_SecondSession.basic_1" name="testMethod1" time="20.987"/>
  <testcase classname="Headspin_SecondSession.basic_1" name="testMethod2" time="12.987"/>
  <testcase classname="Headspin_SecondSession.basic_1" name="testMethod1" time="15.851"/>
</testsuite> <!-- Headspin_SecondSession.basic_1 -->
