<?xml version="1.0" encoding="UTF-8"?>
<!-- Generated by org.testng.reporters.JUnitReportReporter -->
<testsuite hostname="Santoshs-MacBook-Pro.local" failures="0" tests="5" name="parallel_Testing.parallelTest" time="286.023" errors="0" timestamp="2024-08-07T14:27:03 IST" skipped="0">
  <testcase classname="parallel_Testing.parallelTest" name="flipkartSearchFeature" time="40.175"/>
  <testcase classname="parallel_Testing.parallelTest" name="flipkartSearchFeature" time="82.475"/>
  <testcase classname="parallel_Testing.parallelTest" name="flipkartSearchFeature" time="51.627"/>
  <testcase classname="parallel_Testing.parallelTest" name="flipkartSearchFeature" time="45.620"/>
  <testcase classname="parallel_Testing.parallelTest" name="flipkartSearchFeature" time="66.126"/>
</testsuite> <!-- parallel_Testing.parallelTest -->
